# JRE version: Java(TM) SE Runtime Environment (8.0_144-b01) (build 1.8.0_144-b01)
# Java VM: Java HotSpot(TM) Client VM (25.144-b01 mixed mode, sharing windows-x86 )
Heap:
 def new generation   total 76608K, used 5957K [0x04400000, 0x09710000, 0x09950000)
  eden space 68160K,   4% used [0x04400000, 0x0473fd30, 0x08690000)
  from space 8448K,  31% used [0x08ed0000, 0x09161898, 0x09710000)
  to   space 8448K,   0% used [0x08690000, 0x08690000, 0x08ed0000)
 tenured generation   total 170104K, used 145585K [0x09950000, 0x13f6e000, 0x14400000)
   the space 170104K,  85% used [0x09950000, 0x1277c520, 0x1277c600, 0x13f6e000)
 Metaspace       used 5644K, capacity 5860K, committed 5888K, reserved 6528K
GC Heap History (10 events):
Event: 2.344 GC heap before
{Heap before GC invocations=13 (full 4):
 def new generation   total 44224K, used 29242K [0x04400000, 0x073f0000, 0x09950000)
  eden space 39360K,  74% used [0x04400000, 0x06087e50, 0x06a70000)
  from space 4864K,   0% used [0x06f30000, 0x06f36ae8, 0x073f0000)
  to   space 4864K,   0% used [0x06a70000, 0x06a70000, 0x06f30000)
 tenured generation   total 98056K, used 73232K [0x09950000, 0x0f912000, 0x14400000)
   the space 98056K,  74% used [0x09950000, 0x0e0d4240, 0x0e0d4400, 0x0f912000)
 Metaspace       used 1415K, capacity 3231K, committed 3264K, reserved 4480K
Event: 2.354 GC heap after
Heap after GC invocations=14 (full 4):
 def new generation   total 44224K, used 27K [0x04400000, 0x073f0000, 0x09950000)
  eden space 39360K,   0% used [0x04400000, 0x04400000, 0x06a70000)
  from space 4864K,   0% used [0x06a70000, 0x06a76c60, 0x06f30000)
  to   space 4864K,   0% used [0x06f30000, 0x06f30000, 0x073f0000)
 tenured generation   total 98056K, used 87632K [0x09950000, 0x0f912000, 0x14400000)
   the space 98056K,  89% used [0x09950000, 0x0eee4250, 0x0eee4400, 0x0f912000)
 Metaspace       used 1415K, capacity 3231K, committed 3264K, reserved 4480K
}
Event: 2.473 GC heap before
{Heap before GC invocations=14 (full 4):
 def new generation   total 44224K, used 29225K [0x04400000, 0x073f0000, 0x09950000)
  eden space 39360K,  74% used [0x04400000, 0x06083a78, 0x06a70000)
  from space 4864K,   0% used [0x06a70000, 0x06a76c60, 0x06f30000)
  to   space 4864K,   0% used [0x06f30000, 0x06f30000, 0x073f0000)
 tenured generation   total 98056K, used 87632K [0x09950000, 0x0f912000, 0x14400000)
   the space 98056K,  89% used [0x09950000, 0x0eee4250, 0x0eee4400, 0x0f912000)
 Metaspace       used 1415K, capacity 3231K, committed 3264K, reserved 4480K
Event: 2.487 GC heap after
Heap after GC invocations=15 (full 5):
 def new generation   total 76608K, used 0K [0x04400000, 0x09710000, 0x09950000)
  eden space 68160K,   0% used [0x04400000, 0x04400000, 0x08690000)
  from space 8448K,   0% used [0x08690000, 0x08690000, 0x08ed0000)
  to   space 8448K,   0% used [0x08ed0000, 0x08ed0000, 0x09710000)
 tenured generation   total 170104K, used 102060K [0x09950000, 0x13f6e000, 0x14400000)
   the space 170104K,  59% used [0x09950000, 0x0fcfb060, 0x0fcfb200, 0x13f6e000)
 Metaspace       used 1415K, capacity 3231K, committed 3264K, reserved 4480K
}
Event: 4.719 GC heap before
{Heap before GC invocations=15 (full 5):
 def new generation   total 76608K, used 68160K [0x04400000, 0x09710000, 0x09950000)
  eden space 68160K, 100% used [0x04400000, 0x08690000, 0x08690000)
  from space 8448K,   0% used [0x08690000, 0x08690000, 0x08ed0000)
  to   space 8448K,   0% used [0x08ed0000, 0x08ed0000, 0x09710000)
 tenured generation   total 170104K, used 102060K [0x09950000, 0x13f6e000, 0x14400000)
   the space 170104K,  59% used [0x09950000, 0x0fcfb060, 0x0fcfb200, 0x13f6e000)
 Metaspace       used 2367K, capacity 3737K, committed 3776K, reserved 4480K
Event: 4.756 GC heap after
Heap after GC invocations=16 (full 5):
 def new generation   total 76608K, used 1504K [0x04400000, 0x09710000, 0x09950000)
  eden space 68160K,   0% used [0x04400000, 0x04400000, 0x08690000)
  from space 8448K,  17% used [0x08ed0000, 0x09048000, 0x09710000)
  to   space 8448K,   0% used [0x08690000, 0x08690000, 0x08ed0000)
 tenured generation   total 170104K, used 130860K [0x09950000, 0x13f6e000, 0x14400000)
   the space 170104K,  76% used [0x09950000, 0x1191b080, 0x1191b200, 0x13f6e000)
 Metaspace       used 2367K, capacity 3737K, committed 3776K, reserved 4480K
}
Event: 15.582 GC heap before
{Heap before GC invocations=16 (full 5):
 def new generation   total 76608K, used 69664K [0x04400000, 0x09710000, 0x09950000)
  eden space 68160K, 100% used [0x04400000, 0x08690000, 0x08690000)
  from space 8448K,  17% used [0x08ed0000, 0x09048000, 0x09710000)
  to   space 8448K,   0% used [0x08690000, 0x08690000, 0x08ed0000)
 tenured generation   total 170104K, used 130860K [0x09950000, 0x13f6e000, 0x14400000)
   the space 170104K,  76% used [0x09950000, 0x1191b080, 0x1191b200, 0x13f6e000)
 Metaspace       used 4090K, capacity 4324K, committed 4416K, reserved 4480K
Event: 15.623 GC heap after
Heap after GC invocations=17 (full 5):
 def new generation   total 76608K, used 8448K [0x04400000, 0x09710000, 0x09950000)
  eden space 68160K,   0% used [0x04400000, 0x04400000, 0x08690000)
  from space 8448K, 100% used [0x08690000, 0x08ed0000, 0x08ed0000)
  to   space 8448K,   0% used [0x08ed0000, 0x08ed0000, 0x09710000)
 tenured generation   total 170104K, used 139334K [0x09950000, 0x13f6e000, 0x14400000)
   the space 170104K,  81% used [0x09950000, 0x121619a0, 0x12161a00, 0x13f6e000)
 Metaspace       used 4090K, capacity 4324K, committed 4416K, reserved 4480K
}
Event: 46.356 GC heap before
{Heap before GC invocations=17 (full 5):
 def new generation   total 76608K, used 76608K [0x04400000, 0x09710000, 0x09950000)
  eden space 68160K, 100% used [0x04400000, 0x08690000, 0x08690000)
  from space 8448K, 100% used [0x08690000, 0x08ed0000, 0x08ed0000)
  to   space 8448K,   0% used [0x08ed0000, 0x08ed0000, 0x09710000)
 tenured generation   total 170104K, used 139334K [0x09950000, 0x13f6e000, 0x14400000)
   the space 170104K,  81% used [0x09950000, 0x121619a0, 0x12161a00, 0x13f6e000)
 Metaspace       used 5644K, capacity 5860K, committed 5888K, reserved 6528K
Event: 46.374 GC heap after
Heap after GC invocations=18 (full 5):
 def new generation   total 76608K, used 2630K [0x04400000, 0x09710000, 0x09950000)
  eden space 68160K,   0% used [0x04400000, 0x04400000, 0x08690000)
  from space 8448K,  31% used [0x08ed0000, 0x09161898, 0x09710000)
  to   space 8448K,   0% used [0x08690000, 0x08690000, 0x08ed0000)
 tenured generation   total 170104K, used 145585K [0x09950000, 0x13f6e000, 0x14400000)
   the space 170104K,  85% used [0x09950000, 0x1277c520, 0x1277c600, 0x13f6e000)
 Metaspace       used 5644K, capacity 5860K, committed 5888K, reserved 6528K
}

