# JRE version: Java(TM) SE Runtime Environment (8.0_144-b01) (build 1.8.0_144-b01)
# Java VM: Java HotSpot(TM) Client VM (25.144-b01 mixed mode windows-x86 )
Heap:
 def new generation   total 78656K, used 47149K [0x04c00000, 0x0a150000, 0x0a150000)
  eden space 69952K,  67% used [0x04c00000, 0x07a0b768, 0x09050000)
  from space 8704K,   0% used [0x09050000, 0x09050000, 0x098d0000)
  to   space 8704K,   0% used [0x098d0000, 0x098d0000, 0x0a150000)
 tenured generation   total 174784K, used 148236K [0x0a150000, 0x14c00000, 0x14c00000)
   the space 174784K,  84% used [0x0a150000, 0x13213118, 0x13213200, 0x14c00000)
 Metaspace       used 13687K, capacity 13926K, committed 14208K, reserved 14720K
GC Heap History (10 events):
Event: 3.421 GC heap before
{Heap before GC invocations=13 (full 4):
 def new generation   total 44224K, used 29240K [0x04c00000, 0x07bf0000, 0x0a150000)
  eden space 39360K,  74% used [0x04c00000, 0x068878f8, 0x07270000)
  from space 4864K,   0% used [0x07730000, 0x07736ae8, 0x07bf0000)
  to   space 4864K,   0% used [0x07270000, 0x07270000, 0x07730000)
 tenured generation   total 98052K, used 73229K [0x0a150000, 0x10111000, 0x14c00000)
   the space 98052K,  74% used [0x0a150000, 0x0e8d3758, 0x0e8d3800, 0x10111000)
 Metaspace       used 4519K, capacity 4681K, committed 4736K, reserved 5504K
Event: 3.433 GC heap after
Heap after GC invocations=14 (full 4):
 def new generation   total 44224K, used 27K [0x04c00000, 0x07bf0000, 0x0a150000)
  eden space 39360K,   0% used [0x04c00000, 0x04c00000, 0x07270000)
  from space 4864K,   0% used [0x07270000, 0x07276c60, 0x07730000)
  to   space 4864K,   0% used [0x07730000, 0x07730000, 0x07bf0000)
 tenured generation   total 98052K, used 87629K [0x0a150000, 0x10111000, 0x14c00000)
   the space 98052K,  89% used [0x0a150000, 0x0f6e3768, 0x0f6e3800, 0x10111000)
 Metaspace       used 4519K, capacity 4681K, committed 4736K, reserved 5504K
}
Event: 3.561 GC heap before
{Heap before GC invocations=14 (full 4):
 def new generation   total 44224K, used 29224K [0x04c00000, 0x07bf0000, 0x0a150000)
  eden space 39360K,  74% used [0x04c00000, 0x06883780, 0x07270000)
  from space 4864K,   0% used [0x07270000, 0x07276c60, 0x07730000)
  to   space 4864K,   0% used [0x07730000, 0x07730000, 0x07bf0000)
 tenured generation   total 98052K, used 87629K [0x0a150000, 0x10111000, 0x14c00000)
   the space 98052K,  89% used [0x0a150000, 0x0f6e3768, 0x0f6e3800, 0x10111000)
 Metaspace       used 4519K, capacity 4681K, committed 4736K, reserved 5504K
Event: 3.577 GC heap after
Heap after GC invocations=15 (full 5):
 def new generation   total 76608K, used 0K [0x04c00000, 0x09f10000, 0x0a150000)
  eden space 68160K,   0% used [0x04c00000, 0x04c00000, 0x08e90000)
  from space 8448K,   0% used [0x08e90000, 0x08e90000, 0x096d0000)
  to   space 8448K,   0% used [0x096d0000, 0x096d0000, 0x09f10000)
 tenured generation   total 170096K, used 102057K [0x0a150000, 0x1476c000, 0x14c00000)
   the space 170096K,  59% used [0x0a150000, 0x104fa578, 0x104fa600, 0x1476c000)
 Metaspace       used 4519K, capacity 4681K, committed 4736K, reserved 5504K
}
Event: 6.632 GC heap before
{Heap before GC invocations=15 (full 5):
 def new generation   total 76608K, used 68160K [0x04c00000, 0x09f10000, 0x0a150000)
  eden space 68160K, 100% used [0x04c00000, 0x08e90000, 0x08e90000)
  from space 8448K,   0% used [0x08e90000, 0x08e90000, 0x096d0000)
  to   space 8448K,   0% used [0x096d0000, 0x096d0000, 0x09f10000)
 tenured generation   total 170096K, used 102057K [0x0a150000, 0x1476c000, 0x14c00000)
   the space 170096K,  59% used [0x0a150000, 0x104fa578, 0x104fa600, 0x1476c000)
 Metaspace       used 8897K, capacity 9123K, committed 9344K, reserved 9600K
Event: 6.657 GC heap after
Heap after GC invocations=16 (full 5):
 def new generation   total 76608K, used 1505K [0x04c00000, 0x09f10000, 0x0a150000)
  eden space 68160K,   0% used [0x04c00000, 0x04c00000, 0x08e90000)
  from space 8448K,  17% used [0x096d0000, 0x098486f8, 0x09f10000)
  to   space 8448K,   0% used [0x08e90000, 0x08e90000, 0x096d0000)
 tenured generation   total 170096K, used 130857K [0x0a150000, 0x1476c000, 0x14c00000)
   the space 170096K,  76% used [0x0a150000, 0x1211a598, 0x1211a600, 0x1476c000)
 Metaspace       used 8897K, capacity 9123K, committed 9344K, reserved 9600K
}
Event: 28.893 GC heap before
{Heap before GC invocations=16 (full 5):
 def new generation   total 76608K, used 69665K [0x04c00000, 0x09f10000, 0x0a150000)
  eden space 68160K, 100% used [0x04c00000, 0x08e90000, 0x08e90000)
  from space 8448K,  17% used [0x096d0000, 0x098486f8, 0x09f10000)
  to   space 8448K,   0% used [0x08e90000, 0x08e90000, 0x096d0000)
 tenured generation   total 170096K, used 130857K [0x0a150000, 0x1476c000, 0x14c00000)
   the space 170096K,  76% used [0x0a150000, 0x1211a598, 0x1211a600, 0x1476c000)
 Metaspace       used 11863K, capacity 12102K, committed 12288K, reserved 12672K
Event: 28.918 GC heap after
Heap after GC invocations=17 (full 5):
 def new generation   total 76608K, used 8448K [0x04c00000, 0x09f10000, 0x0a150000)
  eden space 68160K,   0% used [0x04c00000, 0x04c00000, 0x08e90000)
  from space 8448K, 100% used [0x08e90000, 0x096d0000, 0x096d0000)
  to   space 8448K,   0% used [0x096d0000, 0x096d0000, 0x09f10000)
 tenured generation   total 170096K, used 139310K [0x0a150000, 0x1476c000, 0x14c00000)
   the space 170096K,  81% used [0x0a150000, 0x1295ba18, 0x1295bc00, 0x1476c000)
 Metaspace       used 11863K, capacity 12102K, committed 12288K, reserved 12672K
}
Event: 28.985 GC heap before
{Heap before GC invocations=17 (full 5):
 def new generation   total 76608K, used 21380K [0x04c00000, 0x09f10000, 0x0a150000)
  eden space 68160K,  18% used [0x04c00000, 0x058a1278, 0x08e90000)
  from space 8448K, 100% used [0x08e90000, 0x096d0000, 0x096d0000)
  to   space 8448K,   0% used [0x096d0000, 0x096d0000, 0x09f10000)
 tenured generation   total 170096K, used 139310K [0x0a150000, 0x1476c000, 0x14c00000)
   the space 170096K,  81% used [0x0a150000, 0x1295ba18, 0x1295bc00, 0x1476c000)
 Metaspace       used 11921K, capacity 12134K, committed 12288K, reserved 12672K
Event: 29.017 GC heap after
Heap after GC invocations=18 (full 6):
 def new generation   total 78656K, used 0K [0x04c00000, 0x0a150000, 0x0a150000)
  eden space 69952K,   0% used [0x04c00000, 0x04c00000, 0x09050000)
  from space 8704K,   0% used [0x09050000, 0x09050000, 0x098d0000)
  to   space 8704K,   0% used [0x098d0000, 0x098d0000, 0x0a150000)
 tenured generation   total 174784K, used 148236K [0x0a150000, 0x14c00000, 0x14c00000)
   the space 174784K,  84% used [0x0a150000, 0x13213118, 0x13213200, 0x14c00000)
 Metaspace       used 11921K, capacity 12134K, committed 12288K, reserved 12672K
}

