# JRE version: Java(TM) SE Runtime Environment (8.0_144-b01) (build 1.8.0_144-b01)
# Java VM: Java HotSpot(TM) Client VM (25.144-b01 mixed mode windows-x86 )
Heap:
 def new generation   total 78656K, used 6879K [0x05200000, 0x0a750000, 0x0a750000)
  eden space 69952K,   1% used [0x05200000, 0x05354218, 0x09650000)
  from space 8704K,  63% used [0x09ed0000, 0x0a433a10, 0x0a750000)
  to   space 8704K,   0% used [0x09650000, 0x09650000, 0x09ed0000)
 tenured generation   total 174784K, used 142793K [0x0a750000, 0x15200000, 0x15200000)
   the space 174784K,  81% used [0x0a750000, 0x132c26c8, 0x132c2800, 0x15200000)
 Metaspace       used 13857K, capacity 14084K, committed 14336K, reserved 14720K
GC Heap History (10 events):
Event: 2.522 GC heap before
{Heap before GC invocations=13 (full 4):
 def new generation   total 44224K, used 29228K [0x05200000, 0x081f0000, 0x0a750000)
  eden space 39360K,  74% used [0x05200000, 0x06e84680, 0x07870000)
  from space 4864K,   0% used [0x07d30000, 0x07d36ae8, 0x081f0000)
  to   space 4864K,   0% used [0x07870000, 0x07870000, 0x07d30000)
 tenured generation   total 98056K, used 73232K [0x0a750000, 0x10712000, 0x15200000)
   the space 98056K,  74% used [0x0a750000, 0x0eed4398, 0x0eed4400, 0x10712000)
 Metaspace       used 4586K, capacity 4745K, committed 4864K, reserved 5504K
Event: 2.533 GC heap after
Heap after GC invocations=14 (full 4):
 def new generation   total 44224K, used 27K [0x05200000, 0x081f0000, 0x0a750000)
  eden space 39360K,   0% used [0x05200000, 0x05200000, 0x07870000)
  from space 4864K,   0% used [0x07870000, 0x07876c60, 0x07d30000)
  to   space 4864K,   0% used [0x07d30000, 0x07d30000, 0x081f0000)
 tenured generation   total 98056K, used 87632K [0x0a750000, 0x10712000, 0x15200000)
   the space 98056K,  89% used [0x0a750000, 0x0fce43a8, 0x0fce4400, 0x10712000)
 Metaspace       used 4586K, capacity 4745K, committed 4864K, reserved 5504K
}
Event: 2.633 GC heap before
{Heap before GC invocations=14 (full 4):
 def new generation   total 44224K, used 29215K [0x05200000, 0x081f0000, 0x0a750000)
  eden space 39360K,  74% used [0x05200000, 0x06e80fb8, 0x07870000)
  from space 4864K,   0% used [0x07870000, 0x07876c60, 0x07d30000)
  to   space 4864K,   0% used [0x07d30000, 0x07d30000, 0x081f0000)
 tenured generation   total 98056K, used 87632K [0x0a750000, 0x10712000, 0x15200000)
   the space 98056K,  89% used [0x0a750000, 0x0fce43a8, 0x0fce4400, 0x10712000)
 Metaspace       used 4586K, capacity 4745K, committed 4864K, reserved 5504K
Event: 2.648 GC heap after
Heap after GC invocations=15 (full 5):
 def new generation   total 76608K, used 0K [0x05200000, 0x0a510000, 0x0a750000)
  eden space 68160K,   0% used [0x05200000, 0x05200000, 0x09490000)
  from space 8448K,   0% used [0x09490000, 0x09490000, 0x09cd0000)
  to   space 8448K,   0% used [0x09cd0000, 0x09cd0000, 0x0a510000)
 tenured generation   total 170104K, used 102060K [0x0a750000, 0x14d6e000, 0x15200000)
   the space 170104K,  59% used [0x0a750000, 0x10afb1b8, 0x10afb200, 0x14d6e000)
 Metaspace       used 4586K, capacity 4745K, committed 4864K, reserved 5504K
}
Event: 4.872 GC heap before
{Heap before GC invocations=15 (full 5):
 def new generation   total 76608K, used 68160K [0x05200000, 0x0a510000, 0x0a750000)
  eden space 68160K, 100% used [0x05200000, 0x09490000, 0x09490000)
  from space 8448K,   0% used [0x09490000, 0x09490000, 0x09cd0000)
  to   space 8448K,   0% used [0x09cd0000, 0x09cd0000, 0x0a510000)
 tenured generation   total 170104K, used 102060K [0x0a750000, 0x14d6e000, 0x15200000)
   the space 170104K,  59% used [0x0a750000, 0x10afb1b8, 0x10afb200, 0x14d6e000)
 Metaspace       used 8900K, capacity 9091K, committed 9216K, reserved 9600K
Event: 4.901 GC heap after
Heap after GC invocations=16 (full 5):
 def new generation   total 76608K, used 1519K [0x05200000, 0x0a510000, 0x0a750000)
  eden space 68160K,   0% used [0x05200000, 0x05200000, 0x09490000)
  from space 8448K,  17% used [0x09cd0000, 0x09e4bda0, 0x0a510000)
  to   space 8448K,   0% used [0x09490000, 0x09490000, 0x09cd0000)
 tenured generation   total 170104K, used 130860K [0x0a750000, 0x14d6e000, 0x15200000)
   the space 170104K,  76% used [0x0a750000, 0x1271b1d8, 0x1271b200, 0x14d6e000)
 Metaspace       used 8900K, capacity 9091K, committed 9216K, reserved 9600K
}
Event: 12.487 GC heap before
{Heap before GC invocations=16 (full 5):
 def new generation   total 76608K, used 47270K [0x05200000, 0x0a510000, 0x0a750000)
  eden space 68160K,  67% used [0x05200000, 0x07eadd98, 0x09490000)
  from space 8448K,  17% used [0x09cd0000, 0x09e4bda0, 0x0a510000)
  to   space 8448K,   0% used [0x09490000, 0x09490000, 0x09cd0000)
 tenured generation   total 170104K, used 130860K [0x0a750000, 0x14d6e000, 0x15200000)
   the space 170104K,  76% used [0x0a750000, 0x1271b1d8, 0x1271b200, 0x14d6e000)
 Metaspace       used 11970K, capacity 12166K, committed 12288K, reserved 12672K
Event: 12.521 GC heap after
Heap after GC invocations=17 (full 6):
 def new generation   total 78656K, used 0K [0x05200000, 0x0a750000, 0x0a750000)
  eden space 69952K,   0% used [0x05200000, 0x05200000, 0x09650000)
  from space 8704K,   0% used [0x09650000, 0x09650000, 0x09ed0000)
  to   space 8704K,   0% used [0x09ed0000, 0x09ed0000, 0x0a750000)
 tenured generation   total 174784K, used 142793K [0x0a750000, 0x15200000, 0x15200000)
   the space 174784K,  81% used [0x0a750000, 0x132c26c8, 0x132c2800, 0x15200000)
 Metaspace       used 11970K, capacity 12166K, committed 12288K, reserved 12672K
}
Event: 64.663 GC heap before
{Heap before GC invocations=17 (full 6):
 def new generation   total 78656K, used 69952K [0x05200000, 0x0a750000, 0x0a750000)
  eden space 69952K, 100% used [0x05200000, 0x09650000, 0x09650000)
  from space 8704K,   0% used [0x09650000, 0x09650000, 0x09ed0000)
  to   space 8704K,   0% used [0x09ed0000, 0x09ed0000, 0x0a750000)
 tenured generation   total 174784K, used 142793K [0x0a750000, 0x15200000, 0x15200000)
   the space 174784K,  81% used [0x0a750000, 0x132c26c8, 0x132c2800, 0x15200000)
 Metaspace       used 13857K, capacity 14084K, committed 14336K, reserved 14720K
Event: 64.673 GC heap after
Heap after GC invocations=18 (full 6):
 def new generation   total 78656K, used 5518K [0x05200000, 0x0a750000, 0x0a750000)
  eden space 69952K,   0% used [0x05200000, 0x05200000, 0x09650000)
  from space 8704K,  63% used [0x09ed0000, 0x0a433a10, 0x0a750000)
  to   space 8704K,   0% used [0x09650000, 0x09650000, 0x09ed0000)
 tenured generation   total 174784K, used 142793K [0x0a750000, 0x15200000, 0x15200000)
   the space 174784K,  81% used [0x0a750000, 0x132c26c8, 0x132c2800, 0x15200000)
 Metaspace       used 13857K, capacity 14084K, committed 14336K, reserved 14720K
}

