# JRE version: Java(TM) SE Runtime Environment (8.0_144-b01) (build 1.8.0_144-b01)
# Java VM: Java HotSpot(TM) Client VM (25.144-b01 mixed mode windows-x86 )
Heap:
 def new generation   total 78656K, used 65091K [0x04e00000, 0x0a350000, 0x0a350000)
  eden space 69952K,  93% used [0x04e00000, 0x08d90eb8, 0x09250000)
  from space 8704K,   0% used [0x09250000, 0x09250000, 0x09ad0000)
  to   space 8704K,   0% used [0x09ad0000, 0x09ad0000, 0x0a350000)
 tenured generation   total 174784K, used 143701K [0x0a350000, 0x14e00000, 0x14e00000)
   the space 174784K,  82% used [0x0a350000, 0x12fa5458, 0x12fa5600, 0x14e00000)
 Metaspace       used 13756K, capacity 13992K, committed 14208K, reserved 14720K
GC Heap History (10 events):
Event: 2.537 GC heap before
{Heap before GC invocations=12 (full 4):
 def new generation   total 44224K, used 37975K [0x04e00000, 0x07df0000, 0x0a350000)
  eden space 39360K,  96% used [0x04e00000, 0x07315e50, 0x07470000)
  from space 4864K,   0% used [0x07470000, 0x07470000, 0x07930000)
  to   space 4864K,   0% used [0x07930000, 0x07930000, 0x07df0000)
 tenured generation   total 98056K, used 58832K [0x0a350000, 0x10312000, 0x14e00000)
   the space 98056K,  59% used [0x0a350000, 0x0dcc41e0, 0x0dcc4200, 0x10312000)
 Metaspace       used 4586K, capacity 4745K, committed 4864K, reserved 5504K
Event: 2.547 GC heap after
Heap after GC invocations=13 (full 4):
 def new generation   total 44224K, used 26K [0x04e00000, 0x07df0000, 0x0a350000)
  eden space 39360K,   0% used [0x04e00000, 0x04e00000, 0x07470000)
  from space 4864K,   0% used [0x07930000, 0x07936ae8, 0x07df0000)
  to   space 4864K,   0% used [0x07470000, 0x07470000, 0x07930000)
 tenured generation   total 98056K, used 73232K [0x0a350000, 0x10312000, 0x14e00000)
   the space 98056K,  74% used [0x0a350000, 0x0ead41f0, 0x0ead4200, 0x10312000)
 Metaspace       used 4586K, capacity 4745K, committed 4864K, reserved 5504K
}
Event: 2.642 GC heap before
{Heap before GC invocations=13 (full 4):
 def new generation   total 44224K, used 29244K [0x04e00000, 0x07df0000, 0x0a350000)
  eden space 39360K,  74% used [0x04e00000, 0x06a887d0, 0x07470000)
  from space 4864K,   0% used [0x07930000, 0x07936ae8, 0x07df0000)
  to   space 4864K,   0% used [0x07470000, 0x07470000, 0x07930000)
 tenured generation   total 98056K, used 73232K [0x0a350000, 0x10312000, 0x14e00000)
   the space 98056K,  74% used [0x0a350000, 0x0ead41f0, 0x0ead4200, 0x10312000)
 Metaspace       used 4586K, capacity 4745K, committed 4864K, reserved 5504K
Event: 2.652 GC heap after
Heap after GC invocations=14 (full 4):
 def new generation   total 44224K, used 27K [0x04e00000, 0x07df0000, 0x0a350000)
  eden space 39360K,   0% used [0x04e00000, 0x04e00000, 0x07470000)
  from space 4864K,   0% used [0x07470000, 0x07476c60, 0x07930000)
  to   space 4864K,   0% used [0x07930000, 0x07930000, 0x07df0000)
 tenured generation   total 98056K, used 87632K [0x0a350000, 0x10312000, 0x14e00000)
   the space 98056K,  89% used [0x0a350000, 0x0f8e4200, 0x0f8e4200, 0x10312000)
 Metaspace       used 4586K, capacity 4745K, committed 4864K, reserved 5504K
}
Event: 2.755 GC heap before
{Heap before GC invocations=14 (full 4):
 def new generation   total 44224K, used 29226K [0x04e00000, 0x07df0000, 0x0a350000)
  eden space 39360K,  74% used [0x04e00000, 0x06a83ea0, 0x07470000)
  from space 4864K,   0% used [0x07470000, 0x07476c60, 0x07930000)
  to   space 4864K,   0% used [0x07930000, 0x07930000, 0x07df0000)
 tenured generation   total 98056K, used 87632K [0x0a350000, 0x10312000, 0x14e00000)
   the space 98056K,  89% used [0x0a350000, 0x0f8e4200, 0x0f8e4200, 0x10312000)
 Metaspace       used 4586K, capacity 4745K, committed 4864K, reserved 5504K
Event: 2.771 GC heap after
Heap after GC invocations=15 (full 5):
 def new generation   total 76608K, used 0K [0x04e00000, 0x0a110000, 0x0a350000)
  eden space 68160K,   0% used [0x04e00000, 0x04e00000, 0x09090000)
  from space 8448K,   0% used [0x09090000, 0x09090000, 0x098d0000)
  to   space 8448K,   0% used [0x098d0000, 0x098d0000, 0x0a110000)
 tenured generation   total 170104K, used 102060K [0x0a350000, 0x1496e000, 0x14e00000)
   the space 170104K,  59% used [0x0a350000, 0x106fb010, 0x106fb200, 0x1496e000)
 Metaspace       used 4586K, capacity 4745K, committed 4864K, reserved 5504K
}
Event: 5.299 GC heap before
{Heap before GC invocations=15 (full 5):
 def new generation   total 76608K, used 68160K [0x04e00000, 0x0a110000, 0x0a350000)
  eden space 68160K, 100% used [0x04e00000, 0x09090000, 0x09090000)
  from space 8448K,   0% used [0x09090000, 0x09090000, 0x098d0000)
  to   space 8448K,   0% used [0x098d0000, 0x098d0000, 0x0a110000)
 tenured generation   total 170104K, used 102060K [0x0a350000, 0x1496e000, 0x14e00000)
   the space 170104K,  59% used [0x0a350000, 0x106fb010, 0x106fb200, 0x1496e000)
 Metaspace       used 8693K, capacity 8899K, committed 9088K, reserved 9600K
Event: 5.331 GC heap after
Heap after GC invocations=16 (full 5):
 def new generation   total 76608K, used 1450K [0x04e00000, 0x0a110000, 0x0a350000)
  eden space 68160K,   0% used [0x04e00000, 0x04e00000, 0x09090000)
  from space 8448K,  17% used [0x098d0000, 0x09a3a980, 0x0a110000)
  to   space 8448K,   0% used [0x09090000, 0x09090000, 0x098d0000)
 tenured generation   total 170104K, used 130860K [0x0a350000, 0x1496e000, 0x14e00000)
   the space 170104K,  76% used [0x0a350000, 0x1231b030, 0x1231b200, 0x1496e000)
 Metaspace       used 8693K, capacity 8899K, committed 9088K, reserved 9600K
}
Event: 14.877 GC heap before
{Heap before GC invocations=16 (full 5):
 def new generation   total 76608K, used 45738K [0x04e00000, 0x0a110000, 0x0a350000)
  eden space 68160K,  64% used [0x04e00000, 0x0793ffb0, 0x09090000)
  from space 8448K,  17% used [0x098d0000, 0x09a3a980, 0x0a110000)
  to   space 8448K,   0% used [0x09090000, 0x09090000, 0x098d0000)
 tenured generation   total 170104K, used 130860K [0x0a350000, 0x1496e000, 0x14e00000)
   the space 170104K,  76% used [0x0a350000, 0x1231b030, 0x1231b200, 0x1496e000)
 Metaspace       used 11968K, capacity 12166K, committed 12288K, reserved 12672K
Event: 14.913 GC heap after
Heap after GC invocations=17 (full 6):
 def new generation   total 78656K, used 0K [0x04e00000, 0x0a350000, 0x0a350000)
  eden space 69952K,   0% used [0x04e00000, 0x04e00000, 0x09250000)
  from space 8704K,   0% used [0x09250000, 0x09250000, 0x09ad0000)
  to   space 8704K,   0% used [0x09ad0000, 0x09ad0000, 0x0a350000)
 tenured generation   total 174784K, used 143701K [0x0a350000, 0x14e00000, 0x14e00000)
   the space 174784K,  82% used [0x0a350000, 0x12fa5458, 0x12fa5600, 0x14e00000)
 Metaspace       used 11968K, capacity 12166K, committed 12288K, reserved 12672K
}

