# JRE version: Java(TM) SE Runtime Environment (8.0_144-b01) (build 1.8.0_144-b01)
# Java VM: Java HotSpot(TM) Client VM (25.144-b01 mixed mode windows-x86 )
Heap:
 def new generation   total 78656K, used 17864K [0x05000000, 0x0a550000, 0x0a550000)
  eden space 69952K,  13% used [0x05000000, 0x0594cfb8, 0x09450000)
  from space 8704K,  95% used [0x09450000, 0x09c75410, 0x09cd0000)
  to   space 8704K,   0% used [0x09cd0000, 0x09cd0000, 0x0a550000)
 tenured generation   total 174784K, used 147728K [0x0a550000, 0x15000000, 0x15000000)
   the space 174784K,  84% used [0x0a550000, 0x13594010, 0x13594200, 0x15000000)
 Metaspace       used 13776K, capacity 14027K, committed 14208K, reserved 14720K
GC Heap History (10 events):
Event: 1.961 GC heap before
{Heap before GC invocations=15 (full 5):
 def new generation   total 76608K, used 68160K [0x05000000, 0x0a310000, 0x0a550000)
  eden space 68160K, 100% used [0x05000000, 0x09290000, 0x09290000)
  from space 8448K,   0% used [0x09290000, 0x09290000, 0x09ad0000)
  to   space 8448K,   0% used [0x09ad0000, 0x09ad0000, 0x0a310000)
 tenured generation   total 170100K, used 102058K [0x0a550000, 0x14b6d000, 0x15000000)
   the space 170100K,  59% used [0x0a550000, 0x108fa960, 0x108faa00, 0x14b6d000)
 Metaspace       used 9808K, capacity 10019K, committed 10240K, reserved 10624K
Event: 1.986 GC heap after
Heap after GC invocations=16 (full 5):
 def new generation   total 76608K, used 1843K [0x05000000, 0x0a310000, 0x0a550000)
  eden space 68160K,   0% used [0x05000000, 0x05000000, 0x09290000)
  from space 8448K,  21% used [0x09ad0000, 0x09c9cc10, 0x0a310000)
  to   space 8448K,   0% used [0x09290000, 0x09290000, 0x09ad0000)
 tenured generation   total 170100K, used 130858K [0x0a550000, 0x14b6d000, 0x15000000)
   the space 170100K,  76% used [0x0a550000, 0x1251a980, 0x1251aa00, 0x14b6d000)
 Metaspace       used 9808K, capacity 10019K, committed 10240K, reserved 10624K
}
Event: 45.950 GC heap before
{Heap before GC invocations=16 (full 5):
 def new generation   total 76608K, used 69385K [0x05000000, 0x0a310000, 0x0a550000)
  eden space 68160K,  99% used [0x05000000, 0x091f5840, 0x09290000)
  from space 8448K,  21% used [0x09ad0000, 0x09c9cc10, 0x0a310000)
  to   space 8448K,   0% used [0x09290000, 0x09290000, 0x09ad0000)
 tenured generation   total 170100K, used 130858K [0x0a550000, 0x14b6d000, 0x15000000)
   the space 170100K,  76% used [0x0a550000, 0x1251a980, 0x1251aa00, 0x14b6d000)
 Metaspace       used 11836K, capacity 12070K, committed 12288K, reserved 12672K
Event: 45.970 GC heap after
Heap after GC invocations=17 (full 5):
 def new generation   total 76608K, used 8448K [0x05000000, 0x0a310000, 0x0a550000)
  eden space 68160K,   0% used [0x05000000, 0x05000000, 0x09290000)
  from space 8448K, 100% used [0x09290000, 0x09ad0000, 0x09ad0000)
  to   space 8448K,   0% used [0x09ad0000, 0x09ad0000, 0x0a310000)
 tenured generation   total 170100K, used 134196K [0x0a550000, 0x14b6d000, 0x15000000)
   the space 170100K,  78% used [0x0a550000, 0x1285d3b0, 0x1285d400, 0x14b6d000)
 Metaspace       used 11836K, capacity 12070K, committed 12288K, reserved 12672K
}
Event: 103.204 GC heap before
{Heap before GC invocations=17 (full 5):
 def new generation   total 76608K, used 36360K [0x05000000, 0x0a310000, 0x0a550000)
  eden space 68160K,  40% used [0x05000000, 0x06b42128, 0x09290000)
  from space 8448K, 100% used [0x09290000, 0x09ad0000, 0x09ad0000)
  to   space 8448K,   0% used [0x09ad0000, 0x09ad0000, 0x0a310000)
 tenured generation   total 170100K, used 134196K [0x0a550000, 0x14b6d000, 0x15000000)
   the space 170100K,  78% used [0x0a550000, 0x1285d3b0, 0x1285d400, 0x14b6d000)
 Metaspace       used 11894K, capacity 12104K, committed 12288K, reserved 12672K
Event: 103.235 GC heap after
Heap after GC invocations=18 (full 6):
 def new generation   total 78656K, used 0K [0x05000000, 0x0a550000, 0x0a550000)
  eden space 69952K,   0% used [0x05000000, 0x05000000, 0x09450000)
  from space 8704K,   0% used [0x09450000, 0x09450000, 0x09cd0000)
  to   space 8704K,   0% used [0x09cd0000, 0x09cd0000, 0x0a550000)
 tenured generation   total 174784K, used 144678K [0x0a550000, 0x15000000, 0x15000000)
   the space 174784K,  82% used [0x0a550000, 0x132998a0, 0x13299a00, 0x15000000)
 Metaspace       used 11894K, capacity 12104K, committed 12288K, reserved 12672K
}
Event: 537.344 GC heap before
{Heap before GC invocations=18 (full 6):
 def new generation   total 78656K, used 69952K [0x05000000, 0x0a550000, 0x0a550000)
  eden space 69952K, 100% used [0x05000000, 0x09450000, 0x09450000)
  from space 8704K,   0% used [0x09450000, 0x09450000, 0x09cd0000)
  to   space 8704K,   0% used [0x09cd0000, 0x09cd0000, 0x0a550000)
 tenured generation   total 174784K, used 144678K [0x0a550000, 0x15000000, 0x15000000)
   the space 174784K,  82% used [0x0a550000, 0x132998a0, 0x13299a00, 0x15000000)
 Metaspace       used 11962K, capacity 12203K, committed 12416K, reserved 12672K
Event: 537.355 GC heap after
Heap after GC invocations=19 (full 6):
 def new generation   total 78656K, used 6105K [0x05000000, 0x0a550000, 0x0a550000)
  eden space 69952K,   0% used [0x05000000, 0x05000000, 0x09450000)
  from space 8704K,  70% used [0x09cd0000, 0x0a2c65d8, 0x0a550000)
  to   space 8704K,   0% used [0x09450000, 0x09450000, 0x09cd0000)
 tenured generation   total 174784K, used 144678K [0x0a550000, 0x15000000, 0x15000000)
   the space 174784K,  82% used [0x0a550000, 0x132998a0, 0x13299a00, 0x15000000)
 Metaspace       used 11962K, capacity 12203K, committed 12416K, reserved 12672K
}
Event: 559.605 GC heap before
{Heap before GC invocations=19 (full 6):
 def new generation   total 78656K, used 76057K [0x05000000, 0x0a550000, 0x0a550000)
  eden space 69952K, 100% used [0x05000000, 0x09450000, 0x09450000)
  from space 8704K,  70% used [0x09cd0000, 0x0a2c65d8, 0x0a550000)
  to   space 8704K,   0% used [0x09450000, 0x09450000, 0x09cd0000)
 tenured generation   total 174784K, used 144678K [0x0a550000, 0x15000000, 0x15000000)
   the space 174784K,  82% used [0x0a550000, 0x132998a0, 0x13299a00, 0x15000000)
 Metaspace       used 13634K, capacity 13869K, committed 14080K, reserved 14720K
Event: 559.616 GC heap after
Heap after GC invocations=20 (full 6):
 def new generation   total 78656K, used 8341K [0x05000000, 0x0a550000, 0x0a550000)
  eden space 69952K,   0% used [0x05000000, 0x05000000, 0x09450000)
  from space 8704K,  95% used [0x09450000, 0x09c75410, 0x09cd0000)
  to   space 8704K,   0% used [0x09cd0000, 0x09cd0000, 0x0a550000)
 tenured generation   total 174784K, used 147728K [0x0a550000, 0x15000000, 0x15000000)
   the space 174784K,  84% used [0x0a550000, 0x13594010, 0x13594200, 0x15000000)
 Metaspace       used 13634K, capacity 13869K, committed 14080K, reserved 14720K
}

