# JRE version: Java(TM) SE Runtime Environment (8.0_144-b01) (build 1.8.0_144-b01)
# Java VM: Java HotSpot(TM) Client VM (25.144-b01 mixed mode windows-x86 )
Heap:
 def new generation   total 78656K, used 33032K [0x05200000, 0x0a750000, 0x0a750000)
  eden space 69952K,  47% used [0x05200000, 0x07242138, 0x09650000)
  from space 8704K,   0% used [0x09650000, 0x09650000, 0x09ed0000)
  to   space 8704K,   0% used [0x09ed0000, 0x09ed0000, 0x0a750000)
 tenured generation   total 174784K, used 164650K [0x0a750000, 0x15200000, 0x15200000)
   the space 174784K,  94% used [0x0a750000, 0x1481a8a0, 0x1481aa00, 0x15200000)
 Metaspace       used 13667K, capacity 13911K, committed 14208K, reserved 14720K
GC Heap History (10 events):
Event: 23.550 GC heap before
{Heap before GC invocations=16 (full 5):
 def new generation   total 76608K, used 70003K [0x05200000, 0x0a510000, 0x0a750000)
  eden space 68160K, 100% used [0x05200000, 0x09490000, 0x09490000)
  from space 8448K,  21% used [0x09cd0000, 0x09e9cc08, 0x0a510000)
  to   space 8448K,   0% used [0x09490000, 0x09490000, 0x09cd0000)
 tenured generation   total 170100K, used 130858K [0x0a750000, 0x14d6d000, 0x15200000)
   the space 170100K,  76% used [0x0a750000, 0x1271a980, 0x1271aa00, 0x14d6d000)
 Metaspace       used 11824K, capacity 12070K, committed 12288K, reserved 12672K
Event: 23.577 GC heap after
Heap after GC invocations=17 (full 5):
 def new generation   total 76608K, used 8448K [0x05200000, 0x0a510000, 0x0a750000)
  eden space 68160K,   0% used [0x05200000, 0x05200000, 0x09490000)
  from space 8448K, 100% used [0x09490000, 0x09cd0000, 0x09cd0000)
  to   space 8448K,   0% used [0x09cd0000, 0x09cd0000, 0x0a510000)
 tenured generation   total 170100K, used 139358K [0x0a750000, 0x14d6d000, 0x15200000)
   the space 170100K,  81% used [0x0a750000, 0x12f67b80, 0x12f67c00, 0x14d6d000)
 Metaspace       used 11824K, capacity 12070K, committed 12288K, reserved 12672K
}
Event: 23.615 GC heap before
{Heap before GC invocations=17 (full 5):
 def new generation   total 76608K, used 21033K [0x05200000, 0x0a510000, 0x0a750000)
  eden space 68160K,  18% used [0x05200000, 0x05e4a528, 0x09490000)
  from space 8448K, 100% used [0x09490000, 0x09cd0000, 0x09cd0000)
  to   space 8448K,   0% used [0x09cd0000, 0x09cd0000, 0x0a510000)
 tenured generation   total 170100K, used 139358K [0x0a750000, 0x14d6d000, 0x15200000)
   the space 170100K,  81% used [0x0a750000, 0x12f67b80, 0x12f67c00, 0x14d6d000)
 Metaspace       used 11911K, capacity 12134K, committed 12288K, reserved 12672K
Event: 23.648 GC heap after
Heap after GC invocations=18 (full 6):
 def new generation   total 78656K, used 0K [0x05200000, 0x0a750000, 0x0a750000)
  eden space 69952K,   0% used [0x05200000, 0x05200000, 0x09650000)
  from space 8704K,   0% used [0x09650000, 0x09650000, 0x09ed0000)
  to   space 8704K,   0% used [0x09ed0000, 0x09ed0000, 0x0a750000)
 tenured generation   total 174784K, used 148262K [0x0a750000, 0x15200000, 0x15200000)
   the space 174784K,  84% used [0x0a750000, 0x13819a28, 0x13819c00, 0x15200000)
 Metaspace       used 11911K, capacity 12134K, committed 12288K, reserved 12672K
}
Event: 421.599 GC heap before
{Heap before GC invocations=18 (full 6):
 def new generation   total 78656K, used 69952K [0x05200000, 0x0a750000, 0x0a750000)
  eden space 69952K, 100% used [0x05200000, 0x09650000, 0x09650000)
  from space 8704K,   0% used [0x09650000, 0x09650000, 0x09ed0000)
  to   space 8704K,   0% used [0x09ed0000, 0x09ed0000, 0x0a750000)
 tenured generation   total 174784K, used 148262K [0x0a750000, 0x15200000, 0x15200000)
   the space 174784K,  84% used [0x0a750000, 0x13819a28, 0x13819c00, 0x15200000)
 Metaspace       used 13673K, capacity 13897K, committed 14080K, reserved 14720K
Event: 421.610 GC heap after
Heap after GC invocations=19 (full 6):
 def new generation   total 78656K, used 8704K [0x05200000, 0x0a750000, 0x0a750000)
  eden space 69952K,   0% used [0x05200000, 0x05200000, 0x09650000)
  from space 8704K, 100% used [0x09ed0000, 0x0a750000, 0x0a750000)
  to   space 8704K,   0% used [0x09650000, 0x09650000, 0x09ed0000)
 tenured generation   total 174784K, used 149859K [0x0a750000, 0x15200000, 0x15200000)
   the space 174784K,  85% used [0x0a750000, 0x139a8d40, 0x139a8e00, 0x15200000)
 Metaspace       used 13673K, capacity 13897K, committed 14080K, reserved 14720K
}
Event: 421.725 GC heap before
{Heap before GC invocations=19 (full 6):
 def new generation   total 78656K, used 78656K [0x05200000, 0x0a750000, 0x0a750000)
  eden space 69952K, 100% used [0x05200000, 0x09650000, 0x09650000)
  from space 8704K, 100% used [0x09ed0000, 0x0a750000, 0x0a750000)
  to   space 8704K,   0% used [0x09650000, 0x09650000, 0x09ed0000)
 tenured generation   total 174784K, used 149859K [0x0a750000, 0x15200000, 0x15200000)
   the space 174784K,  85% used [0x0a750000, 0x139a8d40, 0x139a8e00, 0x15200000)
 Metaspace       used 13674K, capacity 13929K, committed 14208K, reserved 14720K
Event: 421.746 GC heap after
Heap after GC invocations=20 (full 6):
 def new generation   total 78656K, used 8704K [0x05200000, 0x0a750000, 0x0a750000)
  eden space 69952K,   0% used [0x05200000, 0x05200000, 0x09650000)
  from space 8704K, 100% used [0x09650000, 0x09ed0000, 0x09ed0000)
  to   space 8704K,   0% used [0x09ed0000, 0x09ed0000, 0x0a750000)
 tenured generation   total 174784K, used 161596K [0x0a750000, 0x15200000, 0x15200000)
   the space 174784K,  92% used [0x0a750000, 0x1451f070, 0x1451f200, 0x15200000)
 Metaspace       used 13674K, capacity 13929K, committed 14208K, reserved 14720K
}
Event: 425.035 GC heap before
{Heap before GC invocations=20 (full 6):
 def new generation   total 78656K, used 78656K [0x05200000, 0x0a750000, 0x0a750000)
  eden space 69952K, 100% used [0x05200000, 0x09650000, 0x09650000)
  from space 8704K, 100% used [0x09650000, 0x09ed0000, 0x09ed0000)
  to   space 8704K,   0% used [0x09ed0000, 0x09ed0000, 0x0a750000)
 tenured generation   total 174784K, used 161596K [0x0a750000, 0x15200000, 0x15200000)
   the space 174784K,  92% used [0x0a750000, 0x1451f070, 0x1451f200, 0x15200000)
 Metaspace       used 13676K, capacity 13931K, committed 14208K, reserved 14720K
Event: 425.096 GC heap after
Heap after GC invocations=21 (full 7):
 def new generation   total 78656K, used 0K [0x05200000, 0x0a750000, 0x0a750000)
  eden space 69952K,   0% used [0x05200000, 0x05200000, 0x09650000)
  from space 8704K,   0% used [0x09650000, 0x09650000, 0x09ed0000)
  to   space 8704K,   0% used [0x09ed0000, 0x09ed0000, 0x0a750000)
 tenured generation   total 174784K, used 164650K [0x0a750000, 0x15200000, 0x15200000)
   the space 174784K,  94% used [0x0a750000, 0x1481a8a0, 0x1481aa00, 0x15200000)
 Metaspace       used 13667K, capacity 13911K, committed 14208K, reserved 14720K
}

