# JRE version: Java(TM) SE Runtime Environment (8.0_144-b01) (build 1.8.0_144-b01)
# Java VM: Java HotSpot(TM) Client VM (25.144-b01 mixed mode, sharing windows-x86 )
Heap:
 def new generation   total 76608K, used 43799K [0x04600000, 0x09910000, 0x09b50000)
  eden space 68160K,  51% used [0x04600000, 0x06885ff8, 0x08890000)
  from space 8448K, 100% used [0x08890000, 0x090d0000, 0x090d0000)
  to   space 8448K,   0% used [0x090d0000, 0x090d0000, 0x09910000)
 tenured generation   total 170096K, used 139364K [0x09b50000, 0x1416c000, 0x14600000)
   the space 170096K,  81% used [0x09b50000, 0x123690d8, 0x12369200, 0x1416c000)
 Metaspace       used 5595K, capacity 5830K, committed 5888K, reserved 6528K
GC Heap History (10 events):
Event: 1.214 GC heap before
{Heap before GC invocations=12 (full 4):
 def new generation   total 44224K, used 37985K [0x04600000, 0x075f0000, 0x09b50000)
  eden space 39360K,  96% used [0x04600000, 0x06b184c0, 0x06c70000)
  from space 4864K,   0% used [0x06c70000, 0x06c70000, 0x07130000)
  to   space 4864K,   0% used [0x07130000, 0x07130000, 0x075f0000)
 tenured generation   total 98048K, used 58827K [0x09b50000, 0x0fb10000, 0x14600000)
   the space 98048K,  59% used [0x09b50000, 0x0d4c2f90, 0x0d4c3000, 0x0fb10000)
 Metaspace       used 1416K, capacity 3231K, committed 3264K, reserved 4480K
Event: 1.224 GC heap after
Heap after GC invocations=13 (full 4):
 def new generation   total 44224K, used 26K [0x04600000, 0x075f0000, 0x09b50000)
  eden space 39360K,   0% used [0x04600000, 0x04600000, 0x06c70000)
  from space 4864K,   0% used [0x07130000, 0x07136ae8, 0x075f0000)
  to   space 4864K,   0% used [0x06c70000, 0x06c70000, 0x07130000)
 tenured generation   total 98048K, used 73227K [0x09b50000, 0x0fb10000, 0x14600000)
   the space 98048K,  74% used [0x09b50000, 0x0e2d2fa0, 0x0e2d3000, 0x0fb10000)
 Metaspace       used 1416K, capacity 3231K, committed 3264K, reserved 4480K
}
Event: 1.324 GC heap before
{Heap before GC invocations=13 (full 4):
 def new generation   total 44224K, used 29242K [0x04600000, 0x075f0000, 0x09b50000)
  eden space 39360K,  74% used [0x04600000, 0x06287db8, 0x06c70000)
  from space 4864K,   0% used [0x07130000, 0x07136ae8, 0x075f0000)
  to   space 4864K,   0% used [0x06c70000, 0x06c70000, 0x07130000)
 tenured generation   total 98048K, used 73227K [0x09b50000, 0x0fb10000, 0x14600000)
   the space 98048K,  74% used [0x09b50000, 0x0e2d2fa0, 0x0e2d3000, 0x0fb10000)
 Metaspace       used 1416K, capacity 3231K, committed 3264K, reserved 4480K
Event: 1.334 GC heap after
Heap after GC invocations=14 (full 4):
 def new generation   total 44224K, used 27K [0x04600000, 0x075f0000, 0x09b50000)
  eden space 39360K,   0% used [0x04600000, 0x04600000, 0x06c70000)
  from space 4864K,   0% used [0x06c70000, 0x06c76c60, 0x07130000)
  to   space 4864K,   0% used [0x07130000, 0x07130000, 0x075f0000)
 tenured generation   total 98048K, used 87627K [0x09b50000, 0x0fb10000, 0x14600000)
   the space 98048K,  89% used [0x09b50000, 0x0f0e2fb0, 0x0f0e3000, 0x0fb10000)
 Metaspace       used 1416K, capacity 3231K, committed 3264K, reserved 4480K
}
Event: 1.446 GC heap before
{Heap before GC invocations=14 (full 4):
 def new generation   total 44224K, used 29225K [0x04600000, 0x075f0000, 0x09b50000)
  eden space 39360K,  74% used [0x04600000, 0x062839e0, 0x06c70000)
  from space 4864K,   0% used [0x06c70000, 0x06c76c60, 0x07130000)
  to   space 4864K,   0% used [0x07130000, 0x07130000, 0x075f0000)
 tenured generation   total 98048K, used 87627K [0x09b50000, 0x0fb10000, 0x14600000)
   the space 98048K,  89% used [0x09b50000, 0x0f0e2fb0, 0x0f0e3000, 0x0fb10000)
 Metaspace       used 1416K, capacity 3231K, committed 3264K, reserved 4480K
Event: 1.461 GC heap after
Heap after GC invocations=15 (full 5):
 def new generation   total 76608K, used 0K [0x04600000, 0x09910000, 0x09b50000)
  eden space 68160K,   0% used [0x04600000, 0x04600000, 0x08890000)
  from space 8448K,   0% used [0x08890000, 0x08890000, 0x090d0000)
  to   space 8448K,   0% used [0x090d0000, 0x090d0000, 0x09910000)
 tenured generation   total 170096K, used 102055K [0x09b50000, 0x1416c000, 0x14600000)
   the space 170096K,  59% used [0x09b50000, 0x0fef9dc0, 0x0fef9e00, 0x1416c000)
 Metaspace       used 1416K, capacity 3231K, committed 3264K, reserved 4480K
}
Event: 2.033 GC heap before
{Heap before GC invocations=15 (full 5):
 def new generation   total 76608K, used 68160K [0x04600000, 0x09910000, 0x09b50000)
  eden space 68160K, 100% used [0x04600000, 0x08890000, 0x08890000)
  from space 8448K,   0% used [0x08890000, 0x08890000, 0x090d0000)
  to   space 8448K,   0% used [0x090d0000, 0x090d0000, 0x09910000)
 tenured generation   total 170096K, used 102055K [0x09b50000, 0x1416c000, 0x14600000)
   the space 170096K,  59% used [0x09b50000, 0x0fef9dc0, 0x0fef9e00, 0x1416c000)
 Metaspace       used 2596K, capacity 3737K, committed 3776K, reserved 4480K
Event: 2.061 GC heap after
Heap after GC invocations=16 (full 5):
 def new generation   total 76608K, used 1802K [0x04600000, 0x09910000, 0x09b50000)
  eden space 68160K,   0% used [0x04600000, 0x04600000, 0x08890000)
  from space 8448K,  21% used [0x090d0000, 0x09292a88, 0x09910000)
  to   space 8448K,   0% used [0x08890000, 0x08890000, 0x090d0000)
 tenured generation   total 170096K, used 130855K [0x09b50000, 0x1416c000, 0x14600000)
   the space 170096K,  76% used [0x09b50000, 0x11b19de0, 0x11b19e00, 0x1416c000)
 Metaspace       used 2596K, capacity 3737K, committed 3776K, reserved 4480K
}
Event: 8.440 GC heap before
{Heap before GC invocations=16 (full 5):
 def new generation   total 76608K, used 69962K [0x04600000, 0x09910000, 0x09b50000)
  eden space 68160K, 100% used [0x04600000, 0x08890000, 0x08890000)
  from space 8448K,  21% used [0x090d0000, 0x09292a88, 0x09910000)
  to   space 8448K,   0% used [0x08890000, 0x08890000, 0x090d0000)
 tenured generation   total 170096K, used 130855K [0x09b50000, 0x1416c000, 0x14600000)
   the space 170096K,  76% used [0x09b50000, 0x11b19de0, 0x11b19e00, 0x1416c000)
 Metaspace       used 4081K, capacity 4324K, committed 4416K, reserved 4480K
Event: 8.466 GC heap after
Heap after GC invocations=17 (full 5):
 def new generation   total 76608K, used 8448K [0x04600000, 0x09910000, 0x09b50000)
  eden space 68160K,   0% used [0x04600000, 0x04600000, 0x08890000)
  from space 8448K, 100% used [0x08890000, 0x090d0000, 0x090d0000)
  to   space 8448K,   0% used [0x090d0000, 0x090d0000, 0x09910000)
 tenured generation   total 170096K, used 139364K [0x09b50000, 0x1416c000, 0x14600000)
   the space 170096K,  81% used [0x09b50000, 0x123690d8, 0x12369200, 0x1416c000)
 Metaspace       used 4081K, capacity 4324K, committed 4416K, reserved 4480K
}

