# JRE version: Java(TM) SE Runtime Environment (8.0_144-b01) (build 1.8.0_144-b01)
# Java VM: Java HotSpot(TM) Client VM (25.144-b01 mixed mode, sharing windows-x86 )
Heap:
 def new generation   total 76608K, used 66192K [0x04400000, 0x09710000, 0x09950000)
  eden space 68160K,  84% used [0x04400000, 0x07c64288, 0x08690000)
  from space 8448K, 100% used [0x08690000, 0x08ed0000, 0x08ed0000)
  to   space 8448K,   0% used [0x08ed0000, 0x08ed0000, 0x09710000)
 tenured generation   total 170100K, used 138189K [0x09950000, 0x13f6d000, 0x14400000)
   the space 170100K,  81% used [0x09950000, 0x12043448, 0x12043600, 0x13f6d000)
 Metaspace       used 5658K, capacity 5892K, committed 6016K, reserved 6528K
GC Heap History (10 events):
Event: 1.977 GC heap before
{Heap before GC invocations=12 (full 4):
 def new generation   total 44224K, used 37982K [0x04400000, 0x073f0000, 0x09950000)
  eden space 39360K,  96% used [0x04400000, 0x06917980, 0x06a70000)
  from space 4864K,   0% used [0x06a70000, 0x06a70000, 0x06f30000)
  to   space 4864K,   0% used [0x06f30000, 0x06f30000, 0x073f0000)
 tenured generation   total 98056K, used 58832K [0x09950000, 0x0f912000, 0x14400000)
   the space 98056K,  59% used [0x09950000, 0x0d2c4138, 0x0d2c4200, 0x0f912000)
 Metaspace       used 1415K, capacity 3231K, committed 3264K, reserved 4480K
Event: 1.988 GC heap after
Heap after GC invocations=13 (full 4):
 def new generation   total 44224K, used 26K [0x04400000, 0x073f0000, 0x09950000)
  eden space 39360K,   0% used [0x04400000, 0x04400000, 0x06a70000)
  from space 4864K,   0% used [0x06f30000, 0x06f36ae8, 0x073f0000)
  to   space 4864K,   0% used [0x06a70000, 0x06a70000, 0x06f30000)
 tenured generation   total 98056K, used 73232K [0x09950000, 0x0f912000, 0x14400000)
   the space 98056K,  74% used [0x09950000, 0x0e0d4148, 0x0e0d4200, 0x0f912000)
 Metaspace       used 1415K, capacity 3231K, committed 3264K, reserved 4480K
}
Event: 2.081 GC heap before
{Heap before GC invocations=13 (full 4):
 def new generation   total 44224K, used 29241K [0x04400000, 0x073f0000, 0x09950000)
  eden space 39360K,  74% used [0x04400000, 0x06087ac0, 0x06a70000)
  from space 4864K,   0% used [0x06f30000, 0x06f36ae8, 0x073f0000)
  to   space 4864K,   0% used [0x06a70000, 0x06a70000, 0x06f30000)
 tenured generation   total 98056K, used 73232K [0x09950000, 0x0f912000, 0x14400000)
   the space 98056K,  74% used [0x09950000, 0x0e0d4148, 0x0e0d4200, 0x0f912000)
 Metaspace       used 1415K, capacity 3231K, committed 3264K, reserved 4480K
Event: 2.091 GC heap after
Heap after GC invocations=14 (full 4):
 def new generation   total 44224K, used 27K [0x04400000, 0x073f0000, 0x09950000)
  eden space 39360K,   0% used [0x04400000, 0x04400000, 0x06a70000)
  from space 4864K,   0% used [0x06a70000, 0x06a76c60, 0x06f30000)
  to   space 4864K,   0% used [0x06f30000, 0x06f30000, 0x073f0000)
 tenured generation   total 98056K, used 87632K [0x09950000, 0x0f912000, 0x14400000)
   the space 98056K,  89% used [0x09950000, 0x0eee4158, 0x0eee4200, 0x0f912000)
 Metaspace       used 1415K, capacity 3231K, committed 3264K, reserved 4480K
}
Event: 2.192 GC heap before
{Heap before GC invocations=14 (full 4):
 def new generation   total 44224K, used 29225K [0x04400000, 0x073f0000, 0x09950000)
  eden space 39360K,  74% used [0x04400000, 0x060838b0, 0x06a70000)
  from space 4864K,   0% used [0x06a70000, 0x06a76c60, 0x06f30000)
  to   space 4864K,   0% used [0x06f30000, 0x06f30000, 0x073f0000)
 tenured generation   total 98056K, used 87632K [0x09950000, 0x0f912000, 0x14400000)
   the space 98056K,  89% used [0x09950000, 0x0eee4158, 0x0eee4200, 0x0f912000)
 Metaspace       used 1415K, capacity 3231K, committed 3264K, reserved 4480K
Event: 2.207 GC heap after
Heap after GC invocations=15 (full 5):
 def new generation   total 76608K, used 0K [0x04400000, 0x09710000, 0x09950000)
  eden space 68160K,   0% used [0x04400000, 0x04400000, 0x08690000)
  from space 8448K,   0% used [0x08690000, 0x08690000, 0x08ed0000)
  to   space 8448K,   0% used [0x08ed0000, 0x08ed0000, 0x09710000)
 tenured generation   total 170100K, used 102059K [0x09950000, 0x13f6d000, 0x14400000)
   the space 170100K,  59% used [0x09950000, 0x0fcfaf68, 0x0fcfb000, 0x13f6d000)
 Metaspace       used 1415K, capacity 3231K, committed 3264K, reserved 4480K
}
Event: 4.764 GC heap before
{Heap before GC invocations=15 (full 5):
 def new generation   total 76608K, used 68160K [0x04400000, 0x09710000, 0x09950000)
  eden space 68160K, 100% used [0x04400000, 0x08690000, 0x08690000)
  from space 8448K,   0% used [0x08690000, 0x08690000, 0x08ed0000)
  to   space 8448K,   0% used [0x08ed0000, 0x08ed0000, 0x09710000)
 tenured generation   total 170100K, used 102059K [0x09950000, 0x13f6d000, 0x14400000)
   the space 170100K,  59% used [0x09950000, 0x0fcfaf68, 0x0fcfb000, 0x13f6d000)
 Metaspace       used 2640K, capacity 3769K, committed 3776K, reserved 4480K
Event: 4.796 GC heap after
Heap after GC invocations=16 (full 5):
 def new generation   total 76608K, used 1843K [0x04400000, 0x09710000, 0x09950000)
  eden space 68160K,   0% used [0x04400000, 0x04400000, 0x08690000)
  from space 8448K,  21% used [0x08ed0000, 0x0909cef0, 0x09710000)
  to   space 8448K,   0% used [0x08690000, 0x08690000, 0x08ed0000)
 tenured generation   total 170100K, used 130859K [0x09950000, 0x13f6d000, 0x14400000)
   the space 170100K,  76% used [0x09950000, 0x1191af88, 0x1191b000, 0x13f6d000)
 Metaspace       used 2640K, capacity 3769K, committed 3776K, reserved 4480K
}
Event: 19.906 GC heap before
{Heap before GC invocations=16 (full 5):
 def new generation   total 76608K, used 70003K [0x04400000, 0x09710000, 0x09950000)
  eden space 68160K, 100% used [0x04400000, 0x08690000, 0x08690000)
  from space 8448K,  21% used [0x08ed0000, 0x0909cef0, 0x09710000)
  to   space 8448K,   0% used [0x08690000, 0x08690000, 0x08ed0000)
 tenured generation   total 170100K, used 130859K [0x09950000, 0x13f6d000, 0x14400000)
   the space 170100K,  76% used [0x09950000, 0x1191af88, 0x1191b000, 0x13f6d000)
 Metaspace       used 4098K, capacity 4324K, committed 4416K, reserved 4480K
Event: 19.933 GC heap after
Heap after GC invocations=17 (full 5):
 def new generation   total 76608K, used 8448K [0x04400000, 0x09710000, 0x09950000)
  eden space 68160K,   0% used [0x04400000, 0x04400000, 0x08690000)
  from space 8448K, 100% used [0x08690000, 0x08ed0000, 0x08ed0000)
  to   space 8448K,   0% used [0x08ed0000, 0x08ed0000, 0x09710000)
 tenured generation   total 170100K, used 138189K [0x09950000, 0x13f6d000, 0x14400000)
   the space 170100K,  81% used [0x09950000, 0x12043448, 0x12043600, 0x13f6d000)
 Metaspace       used 4098K, capacity 4324K, committed 4416K, reserved 4480K
}

