# JRE version: Java(TM) SE Runtime Environment (8.0_144-b01) (build 1.8.0_144-b01)
# Java VM: Java HotSpot(TM) Client VM (25.144-b01 mixed mode, sharing windows-x86 )
Heap:
 def new generation   total 76608K, used 45750K [0x04800000, 0x09b10000, 0x09d50000)
  eden space 68160K,  64% used [0x04800000, 0x072ed360, 0x08a90000)
  from space 8448K,  21% used [0x092d0000, 0x09490500, 0x09b10000)
  to   space 8448K,   0% used [0x08a90000, 0x08a90000, 0x092d0000)
 tenured generation   total 170100K, used 130858K [0x09d50000, 0x1436d000, 0x14800000)
   the space 170100K,  76% used [0x09d50000, 0x11d1a9c0, 0x11d1aa00, 0x1436d000)
 Metaspace       used 4052K, capacity 4292K, committed 4416K, reserved 4480K
GC Heap History (10 events):
Event: 0.874 GC heap before
{Heap before GC invocations=11 (full 3):
 def new generation   total 23168K, used 20633K [0x04800000, 0x06120000, 0x09d50000)
  eden space 20608K, 100% used [0x04800000, 0x05c20000, 0x05c20000)
  from space 2560K,   1% used [0x05c20000, 0x05c267e0, 0x05ea0000)
  to   space 2560K,   0% used [0x05ea0000, 0x05ea0000, 0x06120000)
 tenured generation   total 51408K, used 45243K [0x09d50000, 0x0cf84000, 0x14800000)
   the space 51408K,  88% used [0x09d50000, 0x0c97efc0, 0x0c97f000, 0x0cf84000)
 Metaspace       used 1416K, capacity 3231K, committed 3264K, reserved 4480K
Event: 0.898 GC heap after
Heap after GC invocations=12 (full 4):
 def new generation   total 44224K, used 0K [0x04800000, 0x077f0000, 0x09d50000)
  eden space 39360K,   0% used [0x04800000, 0x04800000, 0x06e70000)
  from space 4864K,   0% used [0x06e70000, 0x06e70000, 0x07330000)
  to   space 4864K,   0% used [0x07330000, 0x07330000, 0x077f0000)
 tenured generation   total 98052K, used 58830K [0x09d50000, 0x0fd11000, 0x14800000)
   the space 98052K,  59% used [0x09d50000, 0x0d6c3b70, 0x0d6c3c00, 0x0fd11000)
 Metaspace       used 1416K, capacity 3231K, committed 3264K, reserved 4480K
}
Event: 1.056 GC heap before
{Heap before GC invocations=12 (full 4):
 def new generation   total 44224K, used 37992K [0x04800000, 0x077f0000, 0x09d50000)
  eden space 39360K,  96% used [0x04800000, 0x06d1a1d0, 0x06e70000)
  from space 4864K,   0% used [0x06e70000, 0x06e70000, 0x07330000)
  to   space 4864K,   0% used [0x07330000, 0x07330000, 0x077f0000)
 tenured generation   total 98052K, used 58830K [0x09d50000, 0x0fd11000, 0x14800000)
   the space 98052K,  59% used [0x09d50000, 0x0d6c3b70, 0x0d6c3c00, 0x0fd11000)
 Metaspace       used 1416K, capacity 3231K, committed 3264K, reserved 4480K
Event: 1.067 GC heap after
Heap after GC invocations=13 (full 4):
 def new generation   total 44224K, used 26K [0x04800000, 0x077f0000, 0x09d50000)
  eden space 39360K,   0% used [0x04800000, 0x04800000, 0x06e70000)
  from space 4864K,   0% used [0x07330000, 0x07336ae8, 0x077f0000)
  to   space 4864K,   0% used [0x06e70000, 0x06e70000, 0x07330000)
 tenured generation   total 98052K, used 73230K [0x09d50000, 0x0fd11000, 0x14800000)
   the space 98052K,  74% used [0x09d50000, 0x0e4d3b80, 0x0e4d3c00, 0x0fd11000)
 Metaspace       used 1416K, capacity 3231K, committed 3264K, reserved 4480K
}
Event: 1.160 GC heap before
{Heap before GC invocations=13 (full 4):
 def new generation   total 44224K, used 29244K [0x04800000, 0x077f0000, 0x09d50000)
  eden space 39360K,  74% used [0x04800000, 0x06488570, 0x06e70000)
  from space 4864K,   0% used [0x07330000, 0x07336ae8, 0x077f0000)
  to   space 4864K,   0% used [0x06e70000, 0x06e70000, 0x07330000)
 tenured generation   total 98052K, used 73230K [0x09d50000, 0x0fd11000, 0x14800000)
   the space 98052K,  74% used [0x09d50000, 0x0e4d3b80, 0x0e4d3c00, 0x0fd11000)
 Metaspace       used 1416K, capacity 3231K, committed 3264K, reserved 4480K
Event: 1.170 GC heap after
Heap after GC invocations=14 (full 4):
 def new generation   total 44224K, used 27K [0x04800000, 0x077f0000, 0x09d50000)
  eden space 39360K,   0% used [0x04800000, 0x04800000, 0x06e70000)
  from space 4864K,   0% used [0x06e70000, 0x06e76c60, 0x07330000)
  to   space 4864K,   0% used [0x07330000, 0x07330000, 0x077f0000)
 tenured generation   total 98052K, used 87630K [0x09d50000, 0x0fd11000, 0x14800000)
   the space 98052K,  89% used [0x09d50000, 0x0f2e3b90, 0x0f2e3c00, 0x0fd11000)
 Metaspace       used 1416K, capacity 3231K, committed 3264K, reserved 4480K
}
Event: 1.271 GC heap before
{Heap before GC invocations=14 (full 4):
 def new generation   total 44224K, used 29226K [0x04800000, 0x077f0000, 0x09d50000)
  eden space 39360K,  74% used [0x04800000, 0x06483e08, 0x06e70000)
  from space 4864K,   0% used [0x06e70000, 0x06e76c60, 0x07330000)
  to   space 4864K,   0% used [0x07330000, 0x07330000, 0x077f0000)
 tenured generation   total 98052K, used 87630K [0x09d50000, 0x0fd11000, 0x14800000)
   the space 98052K,  89% used [0x09d50000, 0x0f2e3b90, 0x0f2e3c00, 0x0fd11000)
 Metaspace       used 1416K, capacity 3231K, committed 3264K, reserved 4480K
Event: 1.285 GC heap after
Heap after GC invocations=15 (full 5):
 def new generation   total 76608K, used 0K [0x04800000, 0x09b10000, 0x09d50000)
  eden space 68160K,   0% used [0x04800000, 0x04800000, 0x08a90000)
  from space 8448K,   0% used [0x08a90000, 0x08a90000, 0x092d0000)
  to   space 8448K,   0% used [0x092d0000, 0x092d0000, 0x09b10000)
 tenured generation   total 170100K, used 102058K [0x09d50000, 0x1436d000, 0x14800000)
   the space 170100K,  59% used [0x09d50000, 0x100fa9a0, 0x100faa00, 0x1436d000)
 Metaspace       used 1416K, capacity 3231K, committed 3264K, reserved 4480K
}
Event: 1.801 GC heap before
{Heap before GC invocations=15 (full 5):
 def new generation   total 76608K, used 68160K [0x04800000, 0x09b10000, 0x09d50000)
  eden space 68160K, 100% used [0x04800000, 0x08a90000, 0x08a90000)
  from space 8448K,   0% used [0x08a90000, 0x08a90000, 0x092d0000)
  to   space 8448K,   0% used [0x092d0000, 0x092d0000, 0x09b10000)
 tenured generation   total 170100K, used 102058K [0x09d50000, 0x1436d000, 0x14800000)
   the space 170100K,  59% used [0x09d50000, 0x100fa9a0, 0x100faa00, 0x1436d000)
 Metaspace       used 2602K, capacity 3737K, committed 3776K, reserved 4480K
Event: 1.827 GC heap after
Heap after GC invocations=16 (full 5):
 def new generation   total 76608K, used 1793K [0x04800000, 0x09b10000, 0x09d50000)
  eden space 68160K,   0% used [0x04800000, 0x04800000, 0x08a90000)
  from space 8448K,  21% used [0x092d0000, 0x09490500, 0x09b10000)
  to   space 8448K,   0% used [0x08a90000, 0x08a90000, 0x092d0000)
 tenured generation   total 170100K, used 130858K [0x09d50000, 0x1436d000, 0x14800000)
   the space 170100K,  76% used [0x09d50000, 0x11d1a9c0, 0x11d1aa00, 0x1436d000)
 Metaspace       used 2602K, capacity 3737K, committed 3776K, reserved 4480K
}

