# JRE version: Java(TM) SE Runtime Environment (8.0_144-b01) (build 1.8.0_144-b01)
# Java VM: Java HotSpot(TM) Client VM (25.144-b01 mixed mode, sharing windows-x86 )
Heap:
 def new generation   total 78656K, used 2393K [0x04600000, 0x09b50000, 0x09b50000)
  eden space 69952K,   3% used [0x04600000, 0x048566c0, 0x08a50000)
  from space 8704K,   0% used [0x08a50000, 0x08a50000, 0x092d0000)
  to   space 8704K,   0% used [0x092d0000, 0x092d0000, 0x09b50000)
 tenured generation   total 174784K, used 160757K [0x09b50000, 0x14600000, 0x14600000)
   the space 174784K,  91% used [0x09b50000, 0x1384d768, 0x1384d800, 0x14600000)
 Metaspace       used 4411K, capacity 4612K, committed 4736K, reserved 5504K
GC Heap History (10 events):
Event: 2.843 GC heap before
{Heap before GC invocations=14 (full 4):
 def new generation   total 44224K, used 29226K [0x04600000, 0x075f0000, 0x09b50000)
  eden space 39360K,  74% used [0x04600000, 0x06283bb0, 0x06c70000)
  from space 4864K,   0% used [0x06c70000, 0x06c76c60, 0x07130000)
  to   space 4864K,   0% used [0x07130000, 0x07130000, 0x075f0000)
 tenured generation   total 98048K, used 87627K [0x09b50000, 0x0fb10000, 0x14600000)
   the space 98048K,  89% used [0x09b50000, 0x0f0e2fb0, 0x0f0e3000, 0x0fb10000)
 Metaspace       used 1416K, capacity 3231K, committed 3264K, reserved 4480K
Event: 2.859 GC heap after
Heap after GC invocations=15 (full 5):
 def new generation   total 76608K, used 0K [0x04600000, 0x09910000, 0x09b50000)
  eden space 68160K,   0% used [0x04600000, 0x04600000, 0x08890000)
  from space 8448K,   0% used [0x08890000, 0x08890000, 0x090d0000)
  to   space 8448K,   0% used [0x090d0000, 0x090d0000, 0x09910000)
 tenured generation   total 170096K, used 102055K [0x09b50000, 0x1416c000, 0x14600000)
   the space 170096K,  59% used [0x09b50000, 0x0fef9dc0, 0x0fef9e00, 0x1416c000)
 Metaspace       used 1416K, capacity 3231K, committed 3264K, reserved 4480K
}
Event: 5.195 GC heap before
{Heap before GC invocations=15 (full 5):
 def new generation   total 76608K, used 68160K [0x04600000, 0x09910000, 0x09b50000)
  eden space 68160K, 100% used [0x04600000, 0x08890000, 0x08890000)
  from space 8448K,   0% used [0x08890000, 0x08890000, 0x090d0000)
  to   space 8448K,   0% used [0x090d0000, 0x090d0000, 0x09910000)
 tenured generation   total 170096K, used 102055K [0x09b50000, 0x1416c000, 0x14600000)
   the space 170096K,  59% used [0x09b50000, 0x0fef9dc0, 0x0fef9e00, 0x1416c000)
 Metaspace       used 2147K, capacity 3665K, committed 3776K, reserved 4480K
Event: 5.226 GC heap after
Heap after GC invocations=16 (full 5):
 def new generation   total 76608K, used 1310K [0x04600000, 0x09910000, 0x09b50000)
  eden space 68160K,   0% used [0x04600000, 0x04600000, 0x08890000)
  from space 8448K,  15% used [0x090d0000, 0x092178a8, 0x09910000)
  to   space 8448K,   0% used [0x08890000, 0x08890000, 0x090d0000)
 tenured generation   total 170096K, used 130855K [0x09b50000, 0x1416c000, 0x14600000)
   the space 170096K,  76% used [0x09b50000, 0x11b19de0, 0x11b19e00, 0x1416c000)
 Metaspace       used 2147K, capacity 3665K, committed 3776K, reserved 4480K
}
Event: 52.736 GC heap before
{Heap before GC invocations=16 (full 5):
 def new generation   total 76608K, used 69470K [0x04600000, 0x09910000, 0x09b50000)
  eden space 68160K, 100% used [0x04600000, 0x08890000, 0x08890000)
  from space 8448K,  15% used [0x090d0000, 0x092178a8, 0x09910000)
  to   space 8448K,   0% used [0x08890000, 0x08890000, 0x090d0000)
 tenured generation   total 170096K, used 130855K [0x09b50000, 0x1416c000, 0x14600000)
   the space 170096K,  76% used [0x09b50000, 0x11b19de0, 0x11b19e00, 0x1416c000)
 Metaspace       used 4202K, capacity 4420K, committed 4480K, reserved 4480K
Event: 52.758 GC heap after
Heap after GC invocations=17 (full 5):
 def new generation   total 76608K, used 8362K [0x04600000, 0x09910000, 0x09b50000)
  eden space 68160K,   0% used [0x04600000, 0x04600000, 0x08890000)
  from space 8448K,  98% used [0x08890000, 0x090baa38, 0x090d0000)
  to   space 8448K,   0% used [0x090d0000, 0x090d0000, 0x09910000)
 tenured generation   total 170096K, used 134617K [0x09b50000, 0x1416c000, 0x14600000)
   the space 170096K,  79% used [0x09b50000, 0x11ec6548, 0x11ec6600, 0x1416c000)
 Metaspace       used 4202K, capacity 4420K, committed 4480K, reserved 4480K
}
Event: 54.489 GC heap before
{Heap before GC invocations=17 (full 5):
 def new generation   total 76608K, used 76522K [0x04600000, 0x09910000, 0x09b50000)
  eden space 68160K, 100% used [0x04600000, 0x08890000, 0x08890000)
  from space 8448K,  98% used [0x08890000, 0x090baa38, 0x090d0000)
  to   space 8448K,   0% used [0x090d0000, 0x090d0000, 0x09910000)
 tenured generation   total 170096K, used 134617K [0x09b50000, 0x1416c000, 0x14600000)
   the space 170096K,  79% used [0x09b50000, 0x11ec6548, 0x11ec6600, 0x1416c000)
 Metaspace       used 4230K, capacity 4452K, committed 4480K, reserved 4480K
Event: 54.524 GC heap after
Heap after GC invocations=18 (full 5):
 def new generation   total 76608K, used 8448K [0x04600000, 0x09910000, 0x09b50000)
  eden space 68160K,   0% used [0x04600000, 0x04600000, 0x08890000)
  from space 8448K, 100% used [0x090d0000, 0x09910000, 0x09910000)
  to   space 8448K,   0% used [0x08890000, 0x08890000, 0x090d0000)
 tenured generation   total 170096K, used 151195K [0x09b50000, 0x1416c000, 0x14600000)
   the space 170096K,  88% used [0x09b50000, 0x12ef6c88, 0x12ef6e00, 0x1416c000)
 Metaspace       used 4230K, capacity 4452K, committed 4480K, reserved 4480K
}
Event: 63.736 GC heap before
{Heap before GC invocations=18 (full 5):
 def new generation   total 76608K, used 76608K [0x04600000, 0x09910000, 0x09b50000)
  eden space 68160K, 100% used [0x04600000, 0x08890000, 0x08890000)
  from space 8448K, 100% used [0x090d0000, 0x09910000, 0x09910000)
  to   space 8448K,   0% used [0x08890000, 0x08890000, 0x090d0000)
 tenured generation   total 170096K, used 151195K [0x09b50000, 0x1416c000, 0x14600000)
   the space 170096K,  88% used [0x09b50000, 0x12ef6c88, 0x12ef6e00, 0x1416c000)
 Metaspace       used 4412K, capacity 4614K, committed 4736K, reserved 5504K
Event: 63.795 GC heap after
Heap after GC invocations=19 (full 6):
 def new generation   total 78656K, used 0K [0x04600000, 0x09b50000, 0x09b50000)
  eden space 69952K,   0% used [0x04600000, 0x04600000, 0x08a50000)
  from space 8704K,   0% used [0x08a50000, 0x08a50000, 0x092d0000)
  to   space 8704K,   0% used [0x092d0000, 0x092d0000, 0x09b50000)
 tenured generation   total 174784K, used 160757K [0x09b50000, 0x14600000, 0x14600000)
   the space 174784K,  91% used [0x09b50000, 0x1384d768, 0x1384d800, 0x14600000)
 Metaspace       used 4410K, capacity 4612K, committed 4736K, reserved 5504K
}

